Collecting flake8~=3.7
  Using cached flake8-3.8.2-py2.py3-none-any.whl (72 kB)
Processing /home/manideep/.cache/pip/wheels/99/2f/6f/5c5b74e2659126cde3fa5db4e4898f769542e13eb22a530aa7/pypandoc-1.5-py3-none-any.whl
Requirement already up-to-date: setuptools>=38.6.0 in ./.pybuilder/plugins/cpython-3.6.9.final.0/lib/python3.6/site-packages (46.4.0)
Collecting twine>=1.15.0
  Using cached twine-3.1.1-py3-none-any.whl (36 kB)
Collecting unittest-xml-reporting~=2.5.2
  Using cached unittest_xml_reporting-2.5.2-py2.py3-none-any.whl (19 kB)
Requirement already up-to-date: wheel>=0.34.0 in ./.pybuilder/plugins/cpython-3.6.9.final.0/lib/python3.6/site-packages (0.34.2)
Collecting pycodestyle<2.7.0,>=2.6.0a1
  Using cached pycodestyle-2.6.0-py2.py3-none-any.whl (41 kB)
Collecting pyflakes<2.3.0,>=2.2.0
  Using cached pyflakes-2.2.0-py2.py3-none-any.whl (66 kB)
Collecting mccabe<0.7.0,>=0.6.0
  Using cached mccabe-0.6.1-py2.py3-none-any.whl (8.6 kB)
Collecting importlib-metadata; python_version < "3.8"
  Using cached importlib_metadata-1.6.0-py2.py3-none-any.whl (30 kB)
Requirement already satisfied, skipping upgrade: pip>=8.1.0 in ./.pybuilder/plugins/cpython-3.6.9.final.0/lib/python3.6/site-packages (from pypandoc~=1.4) (20.1.1)
Collecting keyring>=15.1
  Using cached keyring-21.2.1-py3-none-any.whl (31 kB)
Collecting requests-toolbelt!=0.9.0,>=0.8.0
  Using cached requests_toolbelt-0.9.1-py2.py3-none-any.whl (54 kB)
Collecting readme-renderer>=21.0
  Using cached readme_renderer-26.0-py2.py3-none-any.whl (15 kB)
Collecting pkginfo>=1.4.2
  Using cached pkginfo-1.5.0.1-py2.py3-none-any.whl (25 kB)
Collecting tqdm>=4.14
  Using cached tqdm-4.46.0-py2.py3-none-any.whl (63 kB)
Collecting requests>=2.20
  Using cached requests-2.23.0-py2.py3-none-any.whl (58 kB)
Collecting six>=1.4.0
  Using cached six-1.15.0-py2.py3-none-any.whl (10 kB)
Collecting zipp>=0.5
  Using cached zipp-3.1.0-py3-none-any.whl (4.9 kB)
Collecting jeepney>=0.4.2; sys_platform == "linux"
  Using cached jeepney-0.4.3-py3-none-any.whl (21 kB)
Collecting SecretStorage>=3; sys_platform == "linux"
  Using cached SecretStorage-3.1.2-py3-none-any.whl (14 kB)
Collecting bleach>=2.1.0
  Using cached bleach-3.1.5-py2.py3-none-any.whl (151 kB)
Collecting docutils>=0.13.1
  Using cached docutils-0.16-py2.py3-none-any.whl (548 kB)
Collecting Pygments>=2.5.1
  Using cached Pygments-2.6.1-py3-none-any.whl (914 kB)
Collecting idna<3,>=2.5
  Using cached idna-2.9-py2.py3-none-any.whl (58 kB)
Collecting chardet<4,>=3.0.2
  Using cached chardet-3.0.4-py2.py3-none-any.whl (133 kB)
Collecting certifi>=2017.4.17
  Using cached certifi-2020.4.5.1-py2.py3-none-any.whl (157 kB)
Collecting urllib3!=1.25.0,!=1.25.1,<1.26,>=1.21.1
  Using cached urllib3-1.25.9-py2.py3-none-any.whl (126 kB)
Collecting cryptography
  Using cached cryptography-2.9.2-cp35-abi3-manylinux2010_x86_64.whl (2.7 MB)
Collecting packaging
  Using cached packaging-20.4-py2.py3-none-any.whl (37 kB)
Collecting webencodings
  Using cached webencodings-0.5.1-py2.py3-none-any.whl (11 kB)
Collecting cffi!=1.11.3,>=1.8
  Using cached cffi-1.14.0-cp36-cp36m-manylinux1_x86_64.whl (399 kB)
Collecting pyparsing>=2.0.2
  Using cached pyparsing-2.4.7-py2.py3-none-any.whl (67 kB)
Collecting pycparser
  Using cached pycparser-2.20-py2.py3-none-any.whl (112 kB)
Installing collected packages: pycodestyle, pyflakes, mccabe, zipp, importlib-metadata, flake8, pypandoc, jeepney, pycparser, cffi, six, cryptography, SecretStorage, keyring, idna, chardet, certifi, urllib3, requests, requests-toolbelt, pyparsing, packaging, webencodings, bleach, docutils, Pygments, readme-renderer, pkginfo, tqdm, twine, unittest-xml-reporting
Successfully installed Pygments-2.6.1 SecretStorage-3.1.2 bleach-3.1.5 certifi-2020.4.5.1 cffi-1.14.0 chardet-3.0.4 cryptography-2.9.2 docutils-0.16 flake8-3.8.2 idna-2.9 importlib-metadata-1.6.0 jeepney-0.4.3 keyring-21.2.1 mccabe-0.6.1 packaging-20.4 pkginfo-1.5.0.1 pycodestyle-2.6.0 pycparser-2.20 pyflakes-2.2.0 pypandoc-1.5 pyparsing-2.4.7 readme-renderer-26.0 requests-2.23.0 requests-toolbelt-0.9.1 six-1.15.0 tqdm-4.46.0 twine-3.1.1 unittest-xml-reporting-2.5.2 urllib3-1.25.9 webencodings-0.5.1 zipp-3.1.0
